
[ â€‰â€‰â€…â€…UTCâ€…â€…â€‰â€‰ ] Logs for tim4bola.streamlit.app/
â”€â”€â”€â”€â”€â”€â”€â”€â”€â”€â”€â”€â”€â”€â”€â”€â”€â”€â”€â”€â”€â”€â”€â”€â”€â”€â”€â”€â”€â”€â”€â”€â”€â”€â”€â”€â”€â”€â”€â”€â”€â”€â”€â”€â”€â”€â”€â”€â”€â”€â”€â”€â”€â”€â”€â”€â”€â”€â”€â”€â”€â”€â”€â”€â”€â”€â”€â”€â”€â”€â”€â”€â”€â”€â”€â”€â”€â”€â”€â”€â”€â”€â”€â”€â”€â”€â”€â”€
[15:04:36] ğŸ–¥ Provisioning machine...
[15:04:36] ğŸ› Preparing system...
[15:04:36] â›“ Spinning up manager process...
[15:04:34] ğŸš€ Starting up repository: 'spotify-tubes-abd', branch: 'main', main module: 'app-supabase.py'
[15:04:34] ğŸ™ Cloning repository...
[15:04:35] ğŸ™ Cloning into '/mount/src/spotify-tubes-abd'...

[15:04:35] ğŸ™ Cloned repository!
[15:04:35] ğŸ™ Pulling code changes from Github...
[15:04:36] ğŸ“¦ Processing dependencies...

â”€â”€â”€â”€â”€â”€â”€â”€â”€â”€â”€â”€â”€â”€â”€â”€â”€â”€â”€â”€â”€â”€â”€â”€â”€â”€â”€â”€â”€â”€â”€â”€â”€â”€â”€â”€â”€â”€â”€â”€ uv â”€â”€â”€â”€â”€â”€â”€â”€â”€â”€â”€â”€â”€â”€â”€â”€â”€â”€â”€â”€â”€â”€â”€â”€â”€â”€â”€â”€â”€â”€â”€â”€â”€â”€â”€â”€â”€â”€â”€â”€â”€â”€â”€

Using uv pip install.
Using Python 3.13.9 environment at /home/adminuser/venv
Resolved 47 packages in 369ms
  Ã— Failed to download and build `psycopg2-binary==2.9.9`
  â•°â”€â–¶ Build backend failed to determine requirements with `build_wheel()`
      (exit status: 1)

      [stdout]
      running egg_info
      writing psycopg2_binary.egg-info/PKG-INFO
      writing dependency_links to psycopg2_binary.egg-info/dependency_links.txt
      writing top-level names to psycopg2_binary.egg-info/top_level.txt

      [stderr]
      /home/adminuser/.cache/uv/builds-v0/.tmp9uijdd/lib/python3.13/site-packages/setuptools/dist.py:759:
      SetuptoolsDeprecationWarning: License classifiers are deprecated.
      !!

      
      ********************************************************************************
              Please consider removing the following classifiers in favor of a
      SPDX license expression:

              License :: OSI Approved :: GNU Library or Lesser General Public
      License (LGPL)

              See
      https://packaging.python.org/en/latest/guides/writing-pyproject-toml/#license
      for details.
      
      ********************************************************************************

      !!
        self._finalize_license_expression()

      Error: pg_config executable not found.

      pg_config is required to build psycopg2 from source.  Please add the
      directory
      containing pg_config to the $PATH or specify the full executable path
      with the
      option:

          python setup.py build_ext --pg-config /path/to/pg_config build ...

      or with the pg_config option in 'setup.cfg'.

      If you prefer to avoid building psycopg2 from source, please install
      the PyPI
      'psycopg2-binary' package instead.

      For further information please check the 'doc/src/install.rst' file
      (also at
      <https://www.psycopg.org/docs/install.html>).


Checking if Streamlit is installed
Installing rich for an improved exception logging
Using uv pip install.
Using Python 3.13.9 environment at /home/adminuser/venv
Resolved 4 packages in 41ms
Prepared 1 package in 46ms
Installed 4 packages in 11ms
 + markdown-it-py==4.0.0[2025-12-13 15:04:38.689846] 
 + mdurl==0.1.2
 + pygments==2.19.2
 + rich==14.2.0

â”€â”€â”€â”€â”€â”€â”€â”€â”€â”€â”€â”€â”€â”€â”€â”€â”€â”€â”€â”€â”€â”€â”€â”€â”€â”€â”€â”€â”€â”€â”€â”€â”€â”€â”€â”€â”€â”€â”€â”€â”€â”€â”€â”€â”€â”€â”€â”€â”€â”€â”€â”€â”€â”€â”€â”€â”€â”€â”€â”€â”€â”€â”€â”€â”€â”€â”€â”€â”€â”€â”€â”€â”€â”€â”€â”€â”€â”€â”€â”€â”€â”€â”€â”€â”€â”€â”€â”€


â”€â”€â”€â”€â”€â”€â”€â”€â”€â”€â”€â”€â”€â”€â”€â”€â”€â”€â”€â”€â”€â”€â”€â”€â”€â”€â”€â”€â”€â”€â”€â”€â”€â”€â”€â”€â”€â”€â”€â”€ pip â”€â”€â”€â”€â”€â”€â”€â”€â”€â”€â”€â”€â”€â”€â”€â”€â”€â”€â”€â”€â”€â”€â”€â”€â”€â”€â”€â”€â”€â”€â”€â”€â”€â”€â”€â”€â”€â”€â”€â”€â”€â”€â”€

Using standard pip install.
Collecting streamlit==1.29.0 (from -r /mount/src/spotify-tubes-abd/requirements.txt (line 1))
  Downloading streamlit-1.29.0-py2.py3-none-any.whl.metadata (8.2 kB)
Collecting pandas==2.1.4 (from -r /mount/src/spotify-tubes-abd/requirements.txt (line 2))
  Downloading pandas-2.1.4.tar.gz (4.3 MB)
     â”â”â”â”â”â”â”â”â”â”â”â”â”â”â”â”â”â”â”â”â”â”â”â”â”â”â”â”â”â”â”â”â”â”â”â”â”â”â”â” 4.3/4.3 MB 74.3 MB/s eta 0:00:00[2025-12-13 15:04:40.055814] 
  Installing build dependencies: started
[15:05:11] ğŸš€ Starting up repository: 'spotify-tubes-abd', branch: 'main', main module: 'app-supabase.py'
[15:05:11] ğŸ™ Cloning repository...
[15:05:13] ğŸ™ Cloning into '/mount/src/spotify-tubes-abd'...

[15:05:13] ğŸ™ Cloned repository!
[15:05:13] ğŸ™ Pulling code changes from Github...
[15:05:14] ğŸ“¦ Processing dependencies...

â”€â”€â”€â”€â”€â”€â”€â”€â”€â”€â”€â”€â”€â”€â”€â”€â”€â”€â”€â”€â”€â”€â”€â”€â”€â”€â”€â”€â”€â”€â”€â”€â”€â”€â”€â”€â”€â”€â”€â”€ uv â”€â”€â”€â”€â”€â”€â”€â”€â”€â”€â”€â”€â”€â”€â”€â”€â”€â”€â”€â”€â”€â”€â”€â”€â”€â”€â”€â”€â”€â”€â”€â”€â”€â”€â”€â”€â”€â”€â”€â”€â”€â”€â”€

Using uv pip install.
Using Python 3.13.9 environment at /home/adminuser/venv
Resolved 47 packages in 381ms
  Ã— Failed to download and build `psycopg2-binary==2.9.9`
  â•°â”€â–¶ Build backend failed to determine requirements with `build_wheel()`
      (exit status: 1)

      [stdout]
      running egg_info
      writing psycopg2_binary.egg-info/PKG-INFO
      writing dependency_links to psycopg2_binary.egg-info/dependency_links.txt
      writing top-level names to psycopg2_binary.egg-info/top_level.txt

      [stderr]
      /home/adminuser/.cache/uv/builds-v0/.tmptHXens/lib/python3.13/site-packages/setuptools/dist.py:759:
      SetuptoolsDeprecationWarning: License classifiers are deprecated.
      !!

      
      ********************************************************************************
              Please consider removing the following classifiers in favor of a
      SPDX license expression:

              License :: OSI Approved :: GNU Library or Lesser General Public
      License (LGPL)

              See
      https://packaging.python.org/en/latest/guides/writing-pyproject-toml/#license
      for details.
      
      ********************************************************************************

      !!
        self._finalize_license_expression()

      Error: pg_config executable not found.

      pg_config is required to build psycopg2 from source.  Please add the
      directory
      containing pg_config to the $PATH or specify the full executable path
      with the
      option:

          python setup.py build_ext --pg-config /path/to/pg_config build ...

      or with the pg_config option in 'setup.cfg'.

      If you prefer to avoid building psycopg2 from source, please install
      the PyPI
      'psycopg2-binary' package instead.

      For further information please check the 'doc/src/install.rst' file
      (also at
      <https://www.psycopg.org/docs/install.html>).


Checking if Streamlit is installed
Installing rich for an improved exception logging
Using uv pip install.
Using Python 3.13.9 environment at /home/adminuser/venv
Resolved 4 packages in 38ms
Prepared 1 package in 39ms
Installed 4 packages in 13ms
 + markdown-it-py==4.0.0
 + mdurl==0.1.2
 + pygments[2025-12-13 15:05:16.757888] ==2.19.2
 + rich==14.2.0

â”€â”€â”€â”€â”€â”€â”€â”€â”€â”€â”€â”€â”€â”€â”€â”€â”€â”€â”€â”€â”€â”€â”€â”€â”€â”€â”€â”€â”€â”€â”€â”€â”€â”€â”€â”€â”€â”€â”€â”€â”€â”€â”€â”€â”€â”€â”€â”€â”€â”€â”€â”€â”€â”€â”€â”€â”€â”€â”€â”€â”€â”€â”€â”€â”€â”€â”€â”€â”€â”€â”€â”€â”€â”€â”€â”€â”€â”€â”€â”€â”€â”€â”€â”€â”€â”€â”€â”€


â”€â”€â”€â”€â”€â”€â”€â”€â”€â”€â”€â”€â”€â”€â”€â”€â”€â”€â”€â”€â”€â”€â”€â”€â”€â”€â”€â”€â”€â”€â”€â”€â”€â”€â”€â”€â”€â”€â”€â”€ pip â”€â”€â”€â”€â”€â”€â”€â”€â”€â”€â”€â”€â”€â”€â”€â”€â”€â”€â”€â”€â”€â”€â”€â”€â”€â”€â”€â”€â”€â”€â”€â”€â”€â”€â”€â”€â”€â”€â”€â”€â”€â”€â”€

Using standard pip install.
Collecting streamlit==1.29.0 (from -r /mount/src/spotify-tubes-abd/requirements.txt (line 1))
  Downloading streamlit-1.29.0-py2.py3-none-any.whl.metadata (8.2 kB)
Collecting pandas==2.1.4 (from -r /mount/src/spotify-tubes-abd/requirements.txt (line 2))
  Downloading pandas-2.1.4.tar.gz (4.3 MB)
     â”â”â”â”â”â”â”â”â”â”â”â”â”â”â”â”â”â”â”â”â”â”â”â”â”â”â”â”â”â”â”â”â”â”â”â”â”â”â”â” 4.3/4.3 MB 55.7 MB/s eta 0:00:00
  Installing build dependencies: started
  Installing build dependencies: still running...
  Installing build dependencies: still running...
  Installing build dependencies: finished with status 'done'
  Getting requirements to build wheel: started
  Getting requirements to build wheel: finished with status 'done'
  Installing backend dependencies: started
  Installing backend dependencies: finished with status 'done'
  Preparing metadata (pyproject.toml): started
  Preparing metadata (pyproject.toml): finished with status 'error'
  error: subprocess-exited-with-error
  
  Ã— Preparing metadata (pyproject.toml) did not run successfully.
  â”‚ exit code: 1
  â•°â”€> [125 lines of output]
      + meson setup /tmp/pip-install-9ym1u9ls/pandas_86d5b25c2dc54c89b55a42e77f3b5985 /tmp/pip-install-9ym1u9ls/pandas_86d5b25c2dc54c89b55a42e77f3b5985/.mesonpy-ojhpzy4c/build -Dbuildtype=release -Db_ndebug=if-release -Db_vscrt=md --vsenv --native-file=/tmp/pip-install-9ym1u9ls/pandas_86d5b25c2dc54c89b55a42e77f3b5985/.mesonpy-ojhpzy4c/build/meson-python-native-file.ini
      The Meson build system
      Version: 1.2.1
      Source dir: /tmp/pip-install-9ym1u9ls/pandas_86d5b25c2dc54c89b55a42e77f3b5985
      Build dir: /tmp/pip-install-9ym1u9ls/pandas_86d5b25c2dc54c89b55a42e77f3b5985/.mesonpy-ojhpzy4c/build
      Build type: native build
      Project name: pandas
      Project version: 2.1.4
      C compiler for the host machine: cc (gcc 12.2.0 "cc (Debian 12.2.0-14+deb12u1) 12.2.0")
      C linker for the host machine: cc ld.bfd 2.40
      C++ compiler for the host machine: c++ (gcc 12.2.0 "c++ (Debian 12.2.0-14+deb12u1) 12.2.0")
      C++ linker for the host machine: c++ ld.bfd 2.40
      Cython compiler for the host machine: cython (cython 0.29.37)
      Host machine cpu family: x86_64
      Host machine cpu: x86_64
      Program python found: YES (/home/adminuser/venv/bin/python)
      Did not find pkg-config by name 'pkg-config'
      Found Pkg-config: NO
      Run-time dependency python found: YES 3.13
      Build targets in project: 53
      
      pandas 2.1.4
      
        User defined options
          Native files: /tmp/pip-install-9ym1u9ls/pandas_86d5b25c2dc54c89b55a42e77f3b5985/.mesonpy-ojhpzy4c/build/meson-python-native-file.ini
          buildtype   : release
          vsenv       : True
          b_ndebug    : if-release
          b_vscrt     : md
      
      Found ninja-1.13.0.git.kitware.jobserver-pipe-1 at /tmp/pip-build-env-_r6d6asd/normal/bin/ninja
      
      Visual Studio environment is needed to run Ninja. It is recommended to use Meson wrapper:
      /tmp/pip-build-env-_r6d6asd/overlay/bin/meson compile -C .
      + /tmp/pip-build-env-_r6d6asd/normal/bin/ninja
      [1/151] Generating pandas/_libs/algos_common_helper_pxi with a custom command
      [2/151] Generating pandas/_libs/khash_primitive_helper_pxi with a custom command
      [3/151] Generating pandas/_libs/hashtable_func_helper_pxi with a custom command
      [4/151] Generating pandas/_libs/index_class_helper_pxi with a custom command
      [5/151] Generating pandas/_libs/hashtable_class_helper_pxi with a custom command
      [6/151] Generating pandas/_libs/sparse_op_helper_pxi with a custom command
      [7/151] Generating pandas/_libs/algos_take_helper_pxi with a custom command
      [8/151] Generating pandas/_libs/intervaltree_helper_pxi with a custom command
      [9/151] Compiling Cython source /tmp/pip-install-9ym1u9ls/pandas_86d5b25c2dc54c89b55a42e77f3b5985/pandas/_libs/tslibs/base.pyx
      [10/151] Compiling Cython source /tmp/pip-install-9ym1u9ls/pandas_86d5b25c2dc54c89b55a42e77f3b5985/pandas/_libs/tslibs/ccalendar.pyx
      [11/151] Compiling Cython source /tmp/pip-install-9ym1u9ls/pandas_86d5b25c2dc54c89b55a42e77f3b5985/pandas/_libs/tslibs/nattype.pyx
      [12/151] Compiling Cython source /tmp/pip-install-9ym1u9ls/pandas_86d5b25c2dc54c89b55a42e77f3b5985/pandas/_libs/tslibs/dtypes.pyx
      [13/151] Compiling Cython source /tmp/pip-install-9ym1u9ls/pandas_86d5b25c2dc54c89b55a42e77f3b5985/pandas/_libs/tslibs/np_datetime.pyx
      [14/151] Compiling Cython source /tmp/pip-install-9ym1u9ls/pandas_86d5b25c2dc54c89b55a42e77f3b5985/pandas/_libs/arrays.pyx
      [15/151] Compiling Cython source /tmp/pip-install-9ym1u9ls/pandas_86d5b25c2dc54c89b55a42e77f3b5985/pandas/_libs/indexing.pyx
      [16/151] Compiling Cython source /tmp/pip-install-9ym1u9ls/pandas_86d5b25c2dc54c89b55a42e77f3b5985/pandas/_libs/tslibs/timezones.pyx
      [17/151] Compiling Cython source /tmp/pip-install-9ym1u9ls/pandas_86d5b25c2dc54c89b55a42e77f3b5985/pandas/_libs/tslibs/fields.pyx
      [18/151] Compiling Cython source /tmp/pip-install-9ym1u9ls/pandas_86d5b25c2dc54c89b55a42e77f3b5985/pandas/_libs/tslibs/conversion.pyx
      [19/151] Compiling Cython source /tmp/pip-install-9ym1u9ls/pandas_86d5b25c2dc54c89b55a42e77f3b5985/pandas/_libs/tslibs/vectorized.pyx
      [20/151] Compiling Cython source /tmp/pip-install-9ym1u9ls/pandas_86d5b25c2dc54c89b55a42e77f3b5985/pandas/_libs/tslibs/offsets.pyx
      [21/151] Compiling Cython source /tmp/pip-install-9ym1u9ls/pandas_86d5b25c2dc54c89b55a42e77f3b5985/pandas/_libs/tslibs/tzconversion.pyx
      [22/151] Compiling Cython source /tmp/pip-install-9ym1u9ls/pandas_86d5b25c2dc54c89b55a42e77f3b5985/pandas/_libs/tslibs/timestamps.pyx
      [23/151] Compiling Cython source /tmp/pip-install-9ym1u9ls/pandas_86d5b25c2dc54c89b55a42e77f3b5985/pandas/_libs/tslibs/strptime.pyx
      [24/151] Compiling Cython source /tmp/pip-install-9ym1u9ls/pandas_86d5b25c2dc54c89b55a42e77f3b5985/pandas/_libs/tslibs/parsing.pyx
      [25/151] Compiling Cython source /tmp/pip-install-9ym1u9ls/pandas_86d5b25c2dc54c89b55a42e77f3b5985/pandas/_libs/hashing.pyx
      [26/151] Compiling Cython source /tmp/pip-install-9ym1u9ls/pandas_86d5b25c2dc54c89b55a42e77f3b5985/pandas/_libs/tslibs/period.pyx
      [27/151] Compiling Cython source /tmp/pip-install-9ym1u9ls/pandas_86d5b25c2dc54c89b55a42e77f3b5985/pandas/_libs/tslibs/timedeltas.pyx
      [28/151] Compiling Cython source /tmp/pip-install-9ym1u9ls/pandas_86d5b25c2dc54c89b55a42e77f3b5985/pandas/_libs/ops_dispatch.pyx
      [29/151] Compiling Cython source /tmp/pip-install-9ym1u9ls/pandas_86d5b25c2dc54c89b55a42e77f3b5985/pandas/_libs/properties.pyx
      [30/151] Compiling Cython source /tmp/pip-install-9ym1u9ls/pandas_86d5b25c2dc54c89b55a42e77f3b5985/pandas/_libs/missing.pyx
      [31/151] Compiling Cython source /tmp/pip-install-9ym1u9ls/pandas_86d5b25c2dc54c89b55a42e77f3b5985/pandas/_libs/byteswap.pyx
      [32/151] Compiling Cython source /tmp/pip-install-9ym1u9ls/pandas_86d5b25c2dc54c89b55a42e77f3b5985/pandas/_libs/internals.pyx
      [33/151] Compiling Cython source /tmp/pip-install-9ym1u9ls/pandas_86d5b25c2dc54c89b55a42e77f3b5985/pandas/_libs/testing.pyx
      [34/151] Compiling C object pandas/_libs/tslibs/base.cpython-313-x86_64-linux-gnu.so.p/meson-generated_pandas__libs_tslibs_base.pyx.c.o
      FAILED: [code=1] pandas/_libs/tslibs/base.cpython-313-x86_64-linux-gnu.so.p/meson-generated_pandas__libs_tslibs_base.pyx.c.o
      cc -Ipandas/_libs/tslibs/base.cpython-313-x86_64-linux-gnu.so.p -Ipandas/_libs/tslibs -I../../pandas/_libs/tslibs -I../../../../pip-build-env-_r6d6asd/overlay/lib/python3.13/site-packages/numpy/core/include -I../../pandas/_libs/include -I/usr/local/include/python3.13 -fvisibility=hidden -fdiagnostics-color=always -DNDEBUG -D_FILE_OFFSET_BITS=64 -w -std=c99 -O3 -DNPY_NO_DEPRECATED_API=0 -DNPY_TARGET_VERSION=NPY_1_21_API_VERSION -fPIC -MD -MQ pandas/_libs/tslibs/base.cpython-313-x86_64-linux-gnu.so.p/meson-generated_pandas__libs_tslibs_base.pyx.c.o -MF pandas/_libs/tslibs/base.cpython-313-x86_64-linux-gnu.so.p/meson-generated_pandas__libs_tslibs_base.pyx.c.o.d -o pandas/_libs/tslibs/base.cpython-313-x86_64-linux-gnu.so.p/meson-generated_pandas__libs_tslibs_base.pyx.c.o -c pandas/_libs/tslibs/base.cpython-313-x86_64-linux-gnu.so.p/pandas/_libs/tslibs/base.pyx.c
      pandas/_libs/tslibs/base.cpython-313-x86_64-linux-gnu.so.p/pandas/_libs/tslibs/base.pyx.c: In function â€˜__Pyx_PyInt_As_longâ€™:
      pandas/_libs/tslibs/base.cpython-313-x86_64-linux-gnu.so.p/pandas/_libs/tslibs/base.pyx.c:5397:27: error: too few arguments to function â€˜_PyLong_AsByteArrayâ€™
       5397 |                 int ret = _PyLong_AsByteArray((PyLongObject *)v,
            |                           ^~~~~~~~~~~~~~~~~~~
      In file included from /usr/local/include/python3.13/longobject.h:107,
                       from /usr/local/include/python3.13/Python.h:82,
                       from pandas/_libs/tslibs/base.cpython-313-x86_64-linux-gnu.so.p/pandas/_libs/tslibs/base.pyx.c:6:
      /usr/local/include/python3.13/cpython/longobject.h:111:17: note: declared here
        111 | PyAPI_FUNC(int) _PyLong_AsByteArray(PyLongObject* v,
            |                 ^~~~~~~~~~~~~~~~~~~
      pandas/_libs/tslibs/base.cpython-313-x86_64-linux-gnu.so.p/pandas/_libs/tslibs/base.pyx.c: In function â€˜__Pyx_PyInt_As_intâ€™:
      pandas/_libs/tslibs/base.cpython-313-x86_64-linux-gnu.so.p/pandas/_libs/tslibs/base.pyx.c:5631:27: error: too few arguments to function â€˜_PyLong_AsByteArrayâ€™
       5631 |                 int ret = _PyLong_AsByteArray((PyLongObject *)v,
            |                           ^~~~~~~~~~~~~~~~~~~
      /usr/local/include/python3.13/cpython/longobject.h:111:17: note: declared here
        111 | PyAPI_FUNC(int) _PyLong_AsByteArray(PyLongObject* v,
            |                 ^~~~~~~~~~~~~~~~~~~
      [35/151] Compiling C object pandas/_libs/tslibs/ccalendar.cpython-313-x86_64-linux-gnu.so.p/meson-generated_pandas__libs_tslibs_ccalendar.pyx.c.o
      FAILED: [code=1] pandas/_libs/tslibs/ccalendar.cpython-313-x86_64-linux-gnu.so.p/meson-generated_pandas__libs_tslibs_ccalendar.pyx.c.o
      cc -Ipandas/_libs/tslibs/ccalendar.cpython-313-x86_64-linux-gnu.so.p -Ipandas/_libs/tslibs -I../../pandas/_libs/tslibs -I../../../../pip-build-env-_r6d6asd/overlay/lib/python3.13/site-packages/numpy/core/include -I../../pandas/_libs/include -I/usr/local/include/python3.13 -fvisibility=hidden -fdiagnostics-color=always -DNDEBUG -D_FILE_OFFSET_BITS=64 -w -std=c99 -O3 -DNPY_NO_DEPRECATED_API=0 -DNPY_TARGET_VERSION=NPY_1_21_API_VERSION -fPIC -MD -MQ pandas/_libs/tslibs/ccalendar.cpython-313-x86_64-linux-gnu.so.p/meson-generated_pandas__libs_tslibs_ccalendar.pyx.c.o -MF pandas/_libs/tslibs/ccalendar.cpython-313-x86_64-linux-gnu.so.p/meson-generated_pandas__libs_tslibs_ccalendar.pyx.c.o.d -o pandas/_libs/tslibs/ccalendar.cpython-313-x86_64-linux-gnu.so.p/meson-generated_pandas__libs_tslibs_ccalendar.pyx.c.o -c pandas/_libs/tslibs/ccalendar.cpython-313-x86_64-linux-gnu.so.p/pandas/_libs/tslibs/ccalendar.pyx.c
      pandas/_libs/tslibs/ccalendar.cpython-313-x86_64-linux-gnu.so.p/pandas/_libs/tslibs/ccalendar.pyx.c: In function â€˜__Pyx_PyInt_As_intâ€™:
      pandas/_libs/tslibs/ccalendar.cpython-313-x86_64-linux-gnu.so.p/pandas/_libs/tslibs/ccalendar.pyx.c:7376:27: error: too few arguments to function â€˜_PyLong_AsByteArrayâ€™
       7376 |                 int ret = _PyLong_AsByteArray((PyLongObject *)v,
            |                           ^~~~~~~~~~~~~~~~~~~
      In file included from /usr/local/include/python3.13/longobject.h:107,
                       from /usr/local/include/python3.13/Python.h:82,
                       from pandas/_libs/tslibs/ccalendar.cpython-313-x86_64-linux-gnu.so.p/pandas/_libs/tslibs/ccalendar.pyx.c:6:
      /usr/local/include/python3.13/cpython/longobject.h:111:17: note: declared here
        111 | PyAPI_FUNC(int) _PyLong_AsByteArray(PyLongObject* v,
            |                 ^~~~~~~~~~~~~~~~~~~
      pandas/_libs/tslibs/ccalendar.cpython-313-x86_64-linux-gnu.so.p/pandas/_libs/tslibs/ccalendar.pyx.c: In function â€˜__Pyx_PyInt_As_longâ€™:
      pandas/_libs/tslibs/ccalendar.cpython-313-x86_64-linux-gnu.so.p/pandas/_libs/tslibs/ccalendar.pyx.c:7686:27: error: too few arguments to function â€˜_PyLong_AsByteArrayâ€™
       7686 |                 int ret = _PyLong_AsByteArray((PyLongObject *)v,
            |                           ^~~~~~~~~~~~~~~~~~~
      /usr/local/include/python3.13/cpython/longobject.h:111:17: note: declared here
        111 | PyAPI_FUNC(int) _PyLong_AsByteArray(PyLongObject* v,
            |                 ^~~~~~~~~~~~~~~~~~~
      [36/151] Compiling Cython source /tmp/pip-install-9ym1u9ls/pandas_86d5b25c2dc54c89b55a42e77f3b5985/pandas/_libs/sas.pyx
      [37/151] Compiling Cython source /tmp/pip-install-9ym1u9ls/pandas_86d5b25c2dc54c89b55a42e77f3b5985/pandas/_libs/window/indexers.pyx
      [38/151] Compiling Cython source /tmp/pip-install-9ym1u9ls/pandas_86d5b25c2dc54c89b55a42e77f3b5985/pandas/_libs/index.pyx
      [39/151] Compiling Cython source /tmp/pip-install-9ym1u9ls/pandas_86d5b25c2dc54c89b55a42e77f3b5985/pandas/_libs/ops.pyx
      [40/151] Compiling Cython source /tmp/pip-install-9ym1u9ls/pandas_86d5b25c2dc54c89b55a42e77f3b5985/pandas/_libs/reshape.pyx
      [41/151] Compiling Cython source /tmp/pip-install-9ym1u9ls/pandas_86d5b25c2dc54c89b55a42e77f3b5985/pandas/_libs/tslib.pyx
      [42/151] Compiling Cython source /tmp/pip-install-9ym1u9ls/pandas_86d5b25c2dc54c89b55a42e77f3b5985/pandas/_libs/writers.pyx
      [43/151] Compiling Cython source /tmp/pip-install-9ym1u9ls/pandas_86d5b25c2dc54c89b55a42e77f3b5985/pandas/_libs/window/aggregations.pyx
      [44/151] Compiling Cython source /tmp/pip-install-9ym1u9ls/pandas_86d5b25c2dc54c89b55a42e77f3b5985/pandas/_libs/parsers.pyx
      [45/151] Compiling Cython source /tmp/pip-install-9ym1u9ls/pandas_86d5b25c2dc54c89b55a42e77f3b5985/pandas/_libs/lib.pyx
      [46/151] Compiling Cython source /tmp/pip-install-9ym1u9ls/pandas_86d5b25c2dc54c89b55a42e77f3b5985/pandas/_libs/interval.pyx
      [47/151] Compiling Cython source /tmp/pip-install-9ym1u9ls/pandas_86d5b25c2dc54c89b55a42e77f3b5985/pandas/_libs/algos.pyx
      [48/151] Compiling Cython source /tmp/pip-install-9ym1u9ls/pandas_86d5b25c2dc54c89b55a42e77f3b5985/pandas/_libs/sparse.pyx
      [49/151] Compiling Cython source /tmp/pip-install-9ym1u9ls/pandas_86d5b25c2dc54c89b55a42e77f3b5985/pandas/_libs/groupby.pyx
      [50/151] Compiling Cython source /tmp/pip-install-9ym1u9ls/pandas_86d5b25c2dc54c89b55a42e77f3b5985/pandas/_libs/hashtable.pyx
      [51/151] Compiling Cython source /tmp/pip-install-9ym1u9ls/pandas_86d5b25c2dc54c89b55a42e77f3b5985/pandas/_libs/join.pyx
      ninja: build stopped: subcommand failed.
      [end of output]
  
  note: This error originates from a subprocess, and is likely not a problem with pip.
error: metadata-generation-failed

Ã— Encountered error while generating package metadata.
â•°â”€> See above for output.

note: This is an issue with the package mentioned above, not pip.
hint: See above for details.

[notice] A new release of pip is available: 24.0 -> 25.3
[notice] To update, run: pip install --upgrade pip
Checking if Streamlit is installed
Installing rich for an improved exception logging
Using standard pip install.
Collecting rich>=10.14.0
  Downloading rich-14.2.0-py3-none-any.whl.metadata (18 kB)
Collecting markdown-it-py>=2.2.0 (from rich>=10.14.0)
  Downloading markdown_it_py-4.0.0-py3-none-any.whl.metadata (7.3 kB)
Collecting pygments<3.0.0,>=2.13.0 (from rich>=10.14.0)
  Downloading pygments-2.19.2-py3-none-any.whl.metadata (2.5 kB)
Collecting mdurl~=0.1 (from markdown-it-py>=2.2.0->rich>=10.14.0)
  Downloading mdurl-0.1.2-py3-none-any.whl.metadata (1.6 kB)
Downloading rich-14.2.0-py3-none-any.whl (243 kB)
   â”â”â”â”â”â”â”â”â”â”â”â”â”â”â”â”â”â”â”â”â”â”â”â”â”â”â”â”â”â”â”â”â”â”â”â”â”â”â”â” 243.4/243.4 kB 15.0 MB/s eta 0:00:00
Downloading markdown_it_py-4.0.0-py3-none-any.whl (87 kB)
   â”â”â”â”â”â”â”â”â”â”â”â”â”â”â”â”â”â”â”â”â”â”â”â”â”â”â”â”â”â”â”â”â”â”â”â”â”â”â”â” 87.3/87.3 kB 132.7 MB/s eta 0:00:00
Downloading pygments-2.19.2-py3-none-any.whl (1.2 MB)
   â”â”â”â”â”â”â”â”â”â”â”â”â”â”â”â”â”â”â”â”â”â”â”â”â”â”â”â”â”â”â”â”â”â”â”â”â”â”â”â” 1.2/1.2 MB 77.5 MB/s eta 0:00:00
Downloading mdurl-0.1.2-py3-none-any.whl (10.0 kB)
Installing collected packages: pygments, mdurl, markdown-it-py, rich
  Attempting uninstall: pygments
    Found existing installation: Pygments 2.19.2
    Uninstalling Pygments-2.19.2:
      Successfully uninstalled Pygments-2.19.2
  Attempting uninstall: mdurl
    Found existing installation: mdurl 0.1.2
    Uninstalling mdurl-0.1.2:
      Successfully uninstalled mdurl-0.1.2
  Attempting uninstall: markdown-it-py
    Found existing installation: markdown-it-py 4.0.0
    Uninstalling markdown-it-py-4.0.0:
      Successfully uninstalled markdown-it-py-4.0.0
  Attempting uninstall: rich
    Found existing installation: rich 14.2.0
    Uninstalling rich-14.2.0:
      Successfully uninstalled rich-14.2.0
Successfully installed markdown-it-py-4.0.0 mdurl-0.1.2 pygments-2.19.2 rich-14.2.0

[notice] A new release of pip is available: 24.0 -> 25.3
[notice] To update, run: pip install --upgrade pip

â”€â”€â”€â”€â”€â”€â”€â”€â”€â”€â”€â”€â”€â”€â”€â”€â”€â”€â”€â”€â”€â”€â”€â”€â”€â”€â”€â”€â”€â”€â”€â”€â”€â”€â”€â”€â”€â”€â”€â”€â”€â”€â”€â”€â”€â”€â”€â”€â”€â”€â”€â”€â”€â”€â”€â”€â”€â”€â”€â”€â”€â”€â”€â”€â”€â”€â”€â”€â”€â”€â”€â”€â”€â”€â”€â”€â”€â”€â”€â”€â”€â”€â”€â”€â”€â”€â”€â”€

[15:08:55] â—ï¸ installer returned a non-zero exit code
[15:08:55] â—ï¸ Error during processing dependencies! Please fix the error and push an update, or try restarting the app.
[15:09:35] ğŸ–¥ Provisioning machine...
[15:09:37] ğŸš€ Starting up repository: 'spotify-tubes-abd', branch: 'main', main module: 'app-supabase.py'
[15:09:37] ğŸ™ Cloning repository...
[15:09:39] ğŸ› Preparing system...
[15:09:39] â›“ Spinning up manager process...
[15:09:39] ğŸ™ Cloning into '/mount/src/spotify-tubes-abd'...

[15:09:39] ğŸ™ Cloned repository!
[15:09:39] ğŸ™ Pulling code changes from Github...
[15:09:40] ğŸ“¦ Processing dependencies...

â”€â”€â”€â”€â”€â”€â”€â”€â”€â”€â”€â”€â”€â”€â”€â”€â”€â”€â”€â”€â”€â”€â”€â”€â”€â”€â”€â”€â”€â”€â”€â”€â”€â”€â”€â”€â”€â”€â”€â”€ uv â”€â”€â”€â”€â”€â”€â”€â”€â”€â”€â”€â”€â”€â”€â”€â”€â”€â”€â”€â”€â”€â”€â”€â”€â”€â”€â”€â”€â”€â”€â”€â”€â”€â”€â”€â”€â”€â”€â”€â”€â”€â”€â”€

Using uv pip install.
Using Python 3.13.9 environment at /home/adminuser/venv
Resolved 47 packages in 419ms
  Ã— Failed to download and build `psycopg2-binary==2.9.9`
  â•°â”€â–¶ Build backend failed to determine requirements with `build_wheel()`
      (exit status: 1)

      [stdout]
      running egg_info
      writing psycopg2_binary.egg-info/PKG-INFO
      writing dependency_links to psycopg2_binary.egg-info/dependency_links.txt
      writing top-level names to psycopg2_binary.egg-info/top_level.txt

      [stderr]
      /home/adminuser/.cache/uv/builds-v0/.tmpoPkUVE/lib/python3.13/site-packages/setuptools/dist.py:759:
      SetuptoolsDeprecationWarning: License classifiers are deprecated.
      !!

      
      ********************************************************************************
              Please consider removing the following classifiers in favor of a
      SPDX license expression:

              License :: OSI Approved :: GNU Library or Lesser General Public
      License (LGPL)

              See
      https://packaging.python.org/en/latest/guides/writing-pyproject-toml/#license
      for details.
      
      ********************************************************************************

      !!
        self._finalize_license_expression()

      Error: pg_config executable not found.

      pg_config is required to build psycopg2 from source.  Please add the
      directory
      containing pg_config to the $PATH or specify the full executable path
      with the
      option:

          python setup.py build_ext --pg-config /path/to/pg_config build ...

      or with the pg_config option in 'setup.cfg'.

      If you prefer to avoid building psycopg2 from source, please install
      the PyPI
      'psycopg2-binary' package instead.

      For further information please check the 'doc/src/install.rst' file
      (also at
      <https://www.psycopg.org/docs/install.html>).


Checking if Streamlit is installed
Installing rich for an improved exception logging
Using uv pip install.
Using Python 3.13.9 environment at /home/adminuser/venv
Resolved 4 packages in 37ms
Prepared 1 package in 43ms
Installed 4 packages in 12ms
 + markdown-it-py==4.0.0
 + [2025-12-13 15:09:43.002554] mdurl==0.1.2
 + pygments==2.19.2
 + rich==14.2.0

â”€â”€â”€â”€â”€â”€â”€â”€â”€â”€â”€â”€â”€â”€â”€â”€â”€â”€â”€â”€â”€â”€â”€â”€â”€â”€â”€â”€â”€â”€â”€â”€â”€â”€â”€â”€â”€â”€â”€â”€â”€â”€â”€â”€â”€â”€â”€â”€â”€â”€â”€â”€â”€â”€â”€â”€â”€â”€â”€â”€â”€â”€â”€â”€â”€â”€â”€â”€â”€â”€â”€â”€â”€â”€â”€â”€â”€â”€â”€â”€â”€â”€â”€â”€â”€â”€â”€â”€


â”€â”€â”€â”€â”€â”€â”€â”€â”€â”€â”€â”€â”€â”€â”€â”€â”€â”€â”€â”€â”€â”€â”€â”€â”€â”€â”€â”€â”€â”€â”€â”€â”€â”€â”€â”€â”€â”€â”€â”€ pip â”€â”€â”€â”€â”€â”€â”€â”€â”€â”€â”€â”€â”€â”€â”€â”€â”€â”€â”€â”€â”€â”€â”€â”€â”€â”€â”€â”€â”€â”€â”€â”€â”€â”€â”€â”€â”€â”€â”€â”€â”€â”€â”€

Using standard pip install.
Collecting streamlit==1.29.0 (from -r /mount/src/spotify-tubes-abd/requirements.txt (line 1))
  Downloading streamlit-1.29.0-py2.py3-none-any.whl.metadata (8.2 kB)
Collecting pandas==2.1.4 (from -r /mount/src/spotify-tubes-abd/requirements.txt (line 2))
  Downloading pandas-2.1.4.tar.gz (4.3 MB)
     â”â”â”â”â”â”â”â”â”â”â”â”â”â”â”â”â”â”â”â”â”â”â”â”â”â”â”â”â”â”â”â”â”â”â”â”â”â”â”â” 4.3/4.3 MB 80.9 MB/s eta 0:00:00[2025-12-13 15:09:45.268376] 
  Installing build dependencies: started
  Installing build dependencies: still running...
  Installing build dependencies: finished with status 'done'
  Getting requirements to build wheel: started
  Getting requirements to build wheel: finished with status 'done'
  Installing backend dependencies: started
  Installing backend dependencies: finished with status 'done'
  Preparing metadata (pyproject.toml): started
  Preparing metadata (pyproject.toml): finished with status 'error'
  error: subprocess-exited-with-error
  
  Ã— Preparing metadata (pyproject.toml) did not run successfully.
  â”‚ exit code: 1
  â•°â”€> [105 lines of output]
      + meson setup /tmp/pip-install-3sb4_cn4/pandas_5343a8c32c0c4b6da0d0ff1259b1226a /tmp/pip-install-3sb4_cn4/pandas_5343a8c32c0c4b6da0d0ff1259b1226a/.mesonpy-5pimig27/build -Dbuildtype=release -Db_ndebug=if-release -Db_vscrt=md --vsenv --native-file=/tmp/pip-install-3sb4_cn4/pandas_5343a8c32c0c4b6da0d0ff1259b1226a/.mesonpy-5pimig27/build/meson-python-native-file.ini
      The Meson build system
      Version: 1.2.1
      Source dir: /tmp/pip-install-3sb4_cn4/pandas_5343a8c32c0c4b6da0d0ff1259b1226a
      Build dir: /tmp/pip-install-3sb4_cn4/pandas_5343a8c32c0c4b6da0d0ff1259b1226a/.mesonpy-5pimig27/build
      Build type: native build
      Project name: pandas
      Project version: 2.1.4
      C compiler for the host machine: cc (gcc 12.2.0 "cc (Debian 12.2.0-14+deb12u1) 12.2.0")
      C linker for the host machine: cc ld.bfd 2.40
      C++ compiler for the host machine: c++ (gcc 12.2.0 "c++ (Debian 12.2.0-14+deb12u1) 12.2.0")
      C++ linker for the host machine: c++ ld.bfd 2.40
      Cython compiler for the host machine: cython (cython 0.29.37)
      Host machine cpu family: x86_64
      Host machine cpu: x86_64
      Program python found: YES (/home/adminuser/venv/bin/python)
      Did not find pkg-config by name 'pkg-config'
      Found Pkg-config: NO
      Run-time dependency python found: YES 3.13
      Build targets in project: 53
      
      pandas 2.1.4
      
        User defined options
          Native files: /tmp/pip-install-3sb4_cn4/pandas_5343a8c32c0c4b6da0d0ff1259b1226a/.mesonpy-5pimig27/build/meson-python-native-file.ini
          buildtype   : release
          vsenv       : True
          b_ndebug    : if-release
          b_vscrt     : md
      
      Found ninja-1.13.0.git.kitware.jobserver-pipe-1 at /tmp/pip-build-env-_t2efdrx/normal/bin/ninja
      
      Visual Studio environment is needed to run Ninja. It is recommended to use Meson wrapper:
      /tmp/pip-build-env-_t2efdrx/overlay/bin/meson compile -C .
      + /tmp/pip-build-env-_t2efdrx/normal/bin/ninja
      [1/151] Generating pandas/_libs/algos_common_helper_pxi with a custom command
      [2/151] Generating pandas/_libs/index_class_helper_pxi with a custom command
      [3/151] Generating pandas/_libs/khash_primitive_helper_pxi with a custom command
      [4/151] Generating pandas/_libs/hashtable_func_helper_pxi with a custom command
      [5/151] Generating pandas/_libs/algos_take_helper_pxi with a custom command
      [6/151] Generating pandas/_libs/hashtable_class_helper_pxi with a custom command
      [7/151] Generating pandas/_libs/sparse_op_helper_pxi with a custom command
      [8/151] Generating pandas/_libs/intervaltree_helper_pxi with a custom command
      [9/151] Compiling Cython source /tmp/pip-install-3sb4_cn4/pandas_5343a8c32c0c4b6da0d0ff1259b1226a/pandas/_libs/tslibs/base.pyx
      [10/151] Compiling Cython source /tmp/pip-install-3sb4_cn4/pandas_5343a8c32c0c4b6da0d0ff1259b1226a/pandas/_libs/tslibs/ccalendar.pyx
      [11/151] Compiling Cython source /tmp/pip-install-3sb4_cn4/pandas_5343a8c32c0c4b6da0d0ff1259b1226a/pandas/_libs/tslibs/dtypes.pyx
      [12/151] Compiling Cython source /tmp/pip-install-3sb4_cn4/pandas_5343a8c32c0c4b6da0d0ff1259b1226a/pandas/_libs/tslibs/np_datetime.pyx
      [13/151] Compiling Cython source /tmp/pip-install-3sb4_cn4/pandas_5343a8c32c0c4b6da0d0ff1259b1226a/pandas/_libs/tslibs/nattype.pyx
      [14/151] Compiling Cython source /tmp/pip-install-3sb4_cn4/pandas_5343a8c32c0c4b6da0d0ff1259b1226a/pandas/_libs/arrays.pyx
      [15/151] Compiling Cython source /tmp/pip-install-3sb4_cn4/pandas_5343a8c32c0c4b6da0d0ff1259b1226a/pandas/_libs/indexing.pyx
      [16/151] Compiling Cython source /tmp/pip-install-3sb4_cn4/pandas_5343a8c32c0c4b6da0d0ff1259b1226a/pandas/_libs/tslibs/timezones.pyx
      [17/151] Compiling Cython source /tmp/pip-install-3sb4_cn4/pandas_5343a8c32c0c4b6da0d0ff1259b1226a/pandas/_libs/tslibs/conversion.pyx
      [18/151] Compiling Cython source /tmp/pip-install-3sb4_cn4/pandas_5343a8c32c0c4b6da0d0ff1259b1226a/pandas/_libs/tslibs/fields.pyx
      [19/151] Compiling Cython source /tmp/pip-install-3sb4_cn4/pandas_5343a8c32c0c4b6da0d0ff1259b1226a/pandas/_libs/tslibs/parsing.pyx
      [20/151] Compiling Cython source /tmp/pip-install-3sb4_cn4/pandas_5343a8c32c0c4b6da0d0ff1259b1226a/pandas/_libs/tslibs/offsets.pyx
      [21/151] Compiling Cython source /tmp/pip-install-3sb4_cn4/pandas_5343a8c32c0c4b6da0d0ff1259b1226a/pandas/_libs/tslibs/strptime.pyx
      [22/151] Compiling Cython source /tmp/pip-install-3sb4_cn4/pandas_5343a8c32c0c4b6da0d0ff1259b1226a/pandas/_libs/hashing.pyx
      [23/151] Compiling Cython source /tmp/pip-install-3sb4_cn4/pandas_5343a8c32c0c4b6da0d0ff1259b1226a/pandas/_libs/ops_dispatch.pyx
      [24/151] Compiling Cython source /tmp/pip-install-3sb4_cn4/pandas_5343a8c32c0c4b6da0d0ff1259b1226a/pandas/_libs/tslibs/tzconversion.pyx
      [25/151] Compiling Cython source /tmp/pip-install-3sb4_cn4/pandas_5343a8c32c0c4b6da0d0ff1259b1226a/pandas/_libs/tslibs/period.pyx
      [26/151] Compiling Cython source /tmp/pip-install-3sb4_cn4/pandas_5343a8c32c0c4b6da0d0ff1259b1226a/pandas/_libs/properties.pyx
      [27/151] Compiling Cython source /tmp/pip-install-3sb4_cn4/pandas_5343a8c32c0c4b6da0d0ff1259b1226a/pandas/_libs/tslibs/timestamps.pyx
      [28/151] Compiling Cython source /tmp/pip-install-3sb4_cn4/pandas_5343a8c32c0c4b6da0d0ff1259b1226a/pandas/_libs/missing.pyx
      [29/151] Compiling Cython source /tmp/pip-install-3sb4_cn4/pandas_5343a8c32c0c4b6da0d0ff1259b1226a/pandas/_libs/tslibs/timedeltas.pyx
      [30/151] Compiling Cython source /tmp/pip-install-3sb4_cn4/pandas_5343a8c32c0c4b6da0d0ff1259b1226a/pandas/_libs/tslibs/vectorized.pyx
      [31/151] Compiling Cython source /tmp/pip-install-3sb4_cn4/pandas_5343a8c32c0c4b6da0d0ff1259b1226a/pandas/_libs/byteswap.pyx
      [32/151] Compiling Cython source /tmp/pip-install-3sb4_cn4/pandas_5343a8c32c0c4b6da0d0ff1259b1226a/pandas/_libs/internals.pyx
      [33/151] Compiling C object pandas/_libs/tslibs/base.cpython-313-x86_64-linux-gnu.so.p/meson-generated_pandas__libs_tslibs_base.pyx.c.o
      FAILED: [code=1] pandas/_libs/tslibs/base.cpython-313-x86_64-linux-gnu.so.p/meson-generated_pandas__libs_tslibs_base.pyx.c.o
      cc -Ipandas/_libs/tslibs/base.cpython-313-x86_64-linux-gnu.so.p -Ipandas/_libs/tslibs -I../../pandas/_libs/tslibs -I../../../../pip-build-env-_t2efdrx/overlay/lib/python3.13/site-packages/numpy/core/include -I../../pandas/_libs/include -I/usr/local/include/python3.13 -fvisibility=hidden -fdiagnostics-color=always -DNDEBUG -D_FILE_OFFSET_BITS=64 -w -std=c99 -O3 -DNPY_NO_DEPRECATED_API=0 -DNPY_TARGET_VERSION=NPY_1_21_API_VERSION -fPIC -MD -MQ pandas/_libs/tslibs/base.cpython-313-x86_64-linux-gnu.so.p/meson-generated_pandas__libs_tslibs_base.pyx.c.o -MF pandas/_libs/tslibs/base.cpython-313-x86_64-linux-gnu.so.p/meson-generated_pandas__libs_tslibs_base.pyx.c.o.d -o pandas/_libs/tslibs/base.cpython-313-x86_64-linux-gnu.so.p/meson-generated_pandas__libs_tslibs_base.pyx.c.o -c pandas/_libs/tslibs/base.cpython-313-x86_64-linux-gnu.so.p/pandas/_libs/tslibs/base.pyx.c
      pandas/_libs/tslibs/base.cpython-313-x86_64-linux-gnu.so.p/pandas/_libs/tslibs/base.pyx.c: In function â€˜__Pyx_PyInt_As_longâ€™:
      pandas/_libs/tslibs/base.cpython-313-x86_64-linux-gnu.so.p/pandas/_libs/tslibs/base.pyx.c:5397:27: error: too few arguments to function â€˜_PyLong_AsByteArrayâ€™
       5397 |                 int ret = _PyLong_AsByteArray((PyLongObject *)v,
            |                           ^~~~~~~~~~~~~~~~~~~
      In file included from /usr/local/include/python3.13/longobject.h:107,
                       from /usr/local/include/python3.13/Python.h:82,
                       from pandas/_libs/tslibs/base.cpython-313-x86_64-linux-gnu.so.p/pandas/_libs/tslibs/base.pyx.c:6:
      /usr/local/include/python3.13/cpython/longobject.h:111:17: note: declared here
        111 | PyAPI_FUNC(int) _PyLong_AsByteArray(PyLongObject* v,
            |                 ^~~~~~~~~~~~~~~~~~~
      pandas/_libs/tslibs/base.cpython-313-x86_64-linux-gnu.so.p/pandas/_libs/tslibs/base.pyx.c: In function â€˜__Pyx_PyInt_As_intâ€™:
      pandas/_libs/tslibs/base.cpython-313-x86_64-linux-gnu.so.p/pandas/_libs/tslibs/base.pyx.c:5631:27: error: too few arguments to function â€˜_PyLong_AsByteArrayâ€™
       5631 |                 int ret = _PyLong_AsByteArray((PyLongObject *)v,
            |                           ^~~~~~~~~~~~~~~~~~~
      /usr/local/include/python3.13/cpython/longobject.h:111:17: note: declared here
        111 | PyAPI_FUNC(int) _PyLong_AsByteArray(PyLongObject* v,
            |                 ^~~~~~~~~~~~~~~~~~~
      [34/151] Compiling Cython source /tmp/pip-install-3sb4_cn4/pandas_5343a8c32c0c4b6da0d0ff1259b1226a/pandas/_libs/testing.pyx
      [35/151] Compiling Cython source /tmp/pip-install-3sb4_cn4/pandas_5343a8c32c0c4b6da0d0ff1259b1226a/pandas/_libs/ops.pyx
      [36/151] Compiling Cython source /tmp/pip-install-3sb4_cn4/pandas_5343a8c32c0c4b6da0d0ff1259b1226a/pandas/_libs/parsers.pyx
      [37/151] Compiling Cython source /tmp/pip-install-3sb4_cn4/pandas_5343a8c32c0c4b6da0d0ff1259b1226a/pandas/_libs/lib.pyx
      [38/151] Compiling Cython source /tmp/pip-install-3sb4_cn4/pandas_5343a8c32c0c4b6da0d0ff1259b1226a/pandas/_libs/sas.pyx
      [39/151] Compiling Cython source /tmp/pip-install-3sb4_cn4/pandas_5343a8c32c0c4b6da0d0ff1259b1226a/pandas/_libs/tslib.pyx
      [40/151] Compiling Cython source /tmp/pip-install-3sb4_cn4/pandas_5343a8c32c0c4b6da0d0ff1259b1226a/pandas/_libs/index.pyx
      [41/151] Compiling Cython source /tmp/pip-install-3sb4_cn4/pandas_5343a8c32c0c4b6da0d0ff1259b1226a/pandas/_libs/window/indexers.pyx
      [42/151] Compiling Cython source /tmp/pip-install-3sb4_cn4/pandas_5343a8c32c0c4b6da0d0ff1259b1226a/pandas/_libs/reshape.pyx
      [43/151] Compiling Cython source /tmp/pip-install-3sb4_cn4/pandas_5343a8c32c0c4b6da0d0ff1259b1226a/pandas/_libs/writers.pyx
      [44/151] Compiling Cython source /tmp/pip-install-3sb4_cn4/pandas_5343a8c32c0c4b6da0d0ff1259b1226a/pandas/_libs/window/aggregations.pyx
      [45/151] Compiling Cython source /tmp/pip-install-3sb4_cn4/pandas_5343a8c32c0c4b6da0d0ff1259b1226a/pandas/_libs/interval.pyx
      [46/151] Compiling Cython source /tmp/pip-install-3sb4_cn4/pandas_5343a8c32c0c4b6da0d0ff1259b1226a/pandas/_libs/sparse.pyx
      [47/151] Compiling Cython source /tmp/pip-install-3sb4_cn4/pandas_5343a8c32c0c4b6da0d0ff1259b1226a/pandas/_libs/hashtable.pyx
      [48/151] Compiling Cython source /tmp/pip-install-3sb4_cn4/pandas_5343a8c32c0c4b6da0d0ff1259b1226a/pandas/_libs/join.pyx
      [49/151] Compiling Cython source /tmp/pip-install-3sb4_cn4/pandas_5343a8c32c0c4b6da0d0ff1259b1226a/pandas/_libs/groupby.pyx
      [50/151] Compiling Cython source /tmp/pip-install-3sb4_cn4/pandas_5343a8c32c0c4b6da0d0ff1259b1226a/pandas/_libs/algos.pyx
      ninja: build stopped: subcommand failed.
      [end of output]
  
  note: This error originates from a subprocess, and is likely not a problem with pip.
error: metadata-generation-failed

Ã— Encountered error while generating package metadata.
â•°â”€> See above for output.

note: This is an issue with the package mentioned above, not pip.
hint: See above for details.

[notice] A new release of pip is available: 24.0 -> 25.3
[notice] To update, run: pip install --upgrade pip
Checking if Streamlit is installed
Installing rich for an improved exception logging
Using standard pip install.
Collecting rich>=10.14.0
  Downloading rich-14.2.0-py3-none-any.whl.metadata (18 kB)
Collecting markdown-it-py>=2.2.0 (from rich>=10.14.0)
  Downloading markdown_it_py-4.0.0-py3-none-any.whl.metadata (7.3 kB)
Collecting pygments<3.0.0,>=2.13.0 (from rich>=10.14.0)
  Downloading pygments-2.19.2-py3-none-any.whl.metadata (2.5 kB)
Collecting mdurl~=0.1 (from markdown-it-py>=2.2.0->rich>=10.14.0)
  Downloading mdurl-0.1.2-py3-none-any.whl.metadata (1.6 kB)
Downloading rich-14.2.0-py3-none-any.whl (243 kB)
   â”â”â”â”â”â”â”â”â”â”â”â”â”â”â”â”â”â”â”â”â”â”â”â”â”â”â”â”â”â”â”â”â”â”â”â”â”â”â”â” 243.4/243.4 kB 12.4 MB/s eta 0:00:00[2025-12-13 15:12:36.025457] 
Downloading markdown_it_py-4.0.0-py3-none-any.whl (87 kB)
   â”â”â”â”â”â”â”â”â”â”â”â”â”â”â”â”â”â”â”â”â”â”â”â”â”â”â”â”â”â”â”â”â”â”â”â”â”â”â”â” 87.3/87.3 kB 119.1 MB/s eta 0:00:00[2025-12-13 15:12:36.047345] 
Downloading pygments-2.19.2-py3-none-any.whl (1.2 MB)
   â”â”â”â”â”â”â”â”â”â”â”â”â”â”â”â”â”â”â”â”â”â”â”â”â”â”â”â”â”â”â”â”â”â”â”â”â”â”â”â” 1.2/1.2 MB 78.6 MB/s eta 0:00:00[2025-12-13 15:12:36.079978] 
Downloading mdurl-0.1.2-py3-none-any.whl (10.0 kB)
Installing collected packages: pygments, mdurl, markdown-it-py, rich
  Attempting uninstall: pygments
    Found existing installation: Pygments 2.19.2
    Uninstalling Pygments-2.19.2:
      Successfully uninstalled Pygments-2.19.2
  Attempting uninstall: mdurl
    Found existing installation: mdurl 0.1.2
    Uninstalling mdurl-0.1.2:
      Successfully uninstalled mdurl-0.1.2
  Attempting uninstall: markdown-it-py
    Found existing installation: markdown-it-py 4.0.0
    Uninstalling markdown-it-py-4.0.0:
      Successfully uninstalled markdown-it-py-4.0.0
  Attempting uninstall: rich
    Found existing installation: rich 14.2.0
    Uninstalling rich-14.2.0:
      Successfully uninstalled rich-14.2.0
Successfully installed markdown-it-py-4.0.0 mdurl-0.1.2 pygments-2.19.2 rich-14.2.0

[notice] A new release of pip is available: 24.0 -> 25.3
[notice] To update, run: pip install --upgrade pip

â”€â”€â”€â”€â”€â”€â”€â”€â”€â”€â”€â”€â”€â”€â”€â”€â”€â”€â”€â”€â”€â”€â”€â”€â”€â”€â”€â”€â”€â”€â”€â”€â”€â”€â”€â”€â”€â”€â”€â”€â”€â”€â”€â”€â”€â”€â”€â”€â”€â”€â”€â”€â”€â”€â”€â”€â”€â”€â”€â”€â”€â”€â”€â”€â”€â”€â”€â”€â”€â”€â”€â”€â”€â”€â”€â”€â”€â”€â”€â”€â”€â”€â”€â”€â”€â”€â”€â”€

[15:12:40] â—ï¸ installer returned a non-zero exit code
[15:12:40] â—ï¸ Error during processing dependencies! Please fix the error and push an update, or try restarting the app.